<?xml version="1.0" encoding="UTF-8"?>
<!-- Generated by org.testng.reporters.JUnitXMLReporter -->
<testsuite ignored="0" hostname="Ramya" failures="0" tests="4" name="Default test" time="3.771" errors="0" timestamp="2024-02-21T16:16:05 PST">
  <testcase classname="api.test.UserTestClass" name="testCreateUser" time="1.574"/>
  <testcase classname="api.test.UserTestClass" name="testGetUser" time="0.508"/>
  <testcase classname="api.test.UserTestClass" name="testUpdateUser" time="1.01"/>
  <testcase classname="api.test.UserTestClass" name="testDeleteUser" time="0.504"/>
</testsuite> <!-- Default test -->
