<?xml version="1.0" encoding="UTF-8"?>
<testng-results ignored="0" total="4" passed="4" failed="0" skipped="0">
  <reporter-output>
  </reporter-output>
  <suite started-at="2024-02-21T16:16:02 PST" name="Default suite" finished-at="2024-02-21T16:16:05 PST" duration-ms="3771">
    <groups>
    </groups>
    <test started-at="2024-02-21T16:16:02 PST" name="Default test" finished-at="2024-02-21T16:16:05 PST" duration-ms="3771">
      <class name="api.test.UserTestClass">
        <test-method is-config="true" signature="setupData()[pri:0, instance:api.test.UserTestClass@223191a6]" started-at="2024-02-21T16:16:02 PST" name="setupData" finished-at="2024-02-21T16:16:02 PST" duration-ms="141" status="PASS">
          <reporter-output>
          </reporter-output>
        </test-method> <!-- setupData -->
        <test-method signature="testCreateUser()[pri:1, instance:api.test.UserTestClass@223191a6]" started-at="2024-02-21T16:16:02 PST" name="testCreateUser" finished-at="2024-02-21T16:16:03 PST" duration-ms="1574" status="PASS">
          <reporter-output>
          </reporter-output>
        </test-method> <!-- testCreateUser -->
        <test-method signature="testGetUser()[pri:2, instance:api.test.UserTestClass@223191a6]" started-at="2024-02-21T16:16:03 PST" name="testGetUser" finished-at="2024-02-21T16:16:04 PST" duration-ms="508" status="PASS">
          <reporter-output>
          </reporter-output>
        </test-method> <!-- testGetUser -->
        <test-method signature="testUpdateUser()[pri:3, instance:api.test.UserTestClass@223191a6]" started-at="2024-02-21T16:16:04 PST" name="testUpdateUser" finished-at="2024-02-21T16:16:05 PST" duration-ms="1010" status="PASS">
          <reporter-output>
          </reporter-output>
        </test-method> <!-- testUpdateUser -->
        <test-method signature="testDeleteUser()[pri:4, instance:api.test.UserTestClass@223191a6]" started-at="2024-02-21T16:16:05 PST" name="testDeleteUser" finished-at="2024-02-21T16:16:05 PST" duration-ms="504" status="PASS">
          <reporter-output>
          </reporter-output>
        </test-method> <!-- testDeleteUser -->
      </class> <!-- api.test.UserTestClass -->
    </test> <!-- Default test -->
  </suite> <!-- Default suite -->
</testng-results>
